<?xml version="1.0" encoding="UTF-8"?>
<!-- Generated by org.testng.reporters.JUnitReportReporter -->
<testsuite hostname="DESKTOP-ICCV887" failures="0" tests="1" name="com.google.testscripts.TestHelper" time="30.950" errors="0" timestamp="2025-02-12T07:28:32 AST" skipped="0">
  <testcase classname="com.google.testscripts.TestHelper" name="f" time="30.950"/>
</testsuite> <!-- com.google.testscripts.TestHelper -->
