<?xml version="1.0" encoding="UTF-8"?>
<!-- Generated by org.testng.reporters.JUnitReportReporter -->
<testsuite hostname="DESKTOP-ICCV887" failures="0" tests="1" name="com.google.testscripts.TestHelper" time="8.483" errors="0" timestamp="2025-02-11T18:03:52 AST" skipped="0">
  <testcase classname="com.google.testscripts.TestHelper" name="f" time="8.483"/>
</testsuite> <!-- com.google.testscripts.TestHelper -->
